{"user":"Darshit","property_bid":"583bc95614086d27ecf592bc","bid_price":"45","level":"info","message":"New Property Bid","timestamp":"2016-12-03T07:19:58.721Z"}
{"user":"Darshit","property_bid":"583bc95614086d27ecf592bc","bid_price":"47","level":"info","message":"New Property Bid","timestamp":"2016-12-03T07:21:19.486Z"}
{"user":"Darshit","property_bid":"583bc95614086d27ecf592bc","bid_price":"47","level":"info","message":"New Property Bid","timestamp":"2016-12-03T07:21:40.037Z"}
{"user":"Darshit","property_bid":"583bc95614086d27ecf592bc","bid_price":"48","level":"info","message":"New Property Bid","timestamp":"2016-12-03T07:22:07.620Z"}
{"user":"Darshit","property_bid":"583bc95614086d27ecf592bc","bid_price":"49","level":"info","message":"New Property Bid","timestamp":"2016-12-03T07:23:07.456Z"}
{"user":"Darshit","property_bid":"583bc95614086d27ecf592bc","bid_price":"50","level":"info","message":"New Property Bid","timestamp":"2016-12-03T07:24:41.923Z"}
{"user":"Darshit","property_bid":"583bc95614086d27ecf592bc","bid_price":"50","level":"info","message":"New Property Bid","timestamp":"2016-12-03T07:24:49.493Z"}
{"user":"Darshit","property_bid":"583bc95614086d27ecf592bc","bid_price":"48","level":"info","message":"New Property Bid","timestamp":"2016-12-03T07:25:00.559Z"}
{"user":"Darshit","property_bid":"583bc95614086d27ecf592bc","bid_price":"49","level":"info","message":"New Property Bid","timestamp":"2016-12-03T07:26:16.680Z"}
{"user":"Darshit","property_bid":"583bc95614086d27ecf592bc","bid_price":"46","level":"info","message":"New Property Bid","timestamp":"2016-12-03T07:26:44.418Z"}
{"user":"Darshit","property_bid":"583bc95614086d27ecf592bc","bid_price":"49","level":"info","message":"New Property Bid","timestamp":"2016-12-03T07:26:59.440Z"}
{"user":"Darshit","url_clicked":"/loadPaymentPage","level":"info","message":"Payment Page request","timestamp":"2016-12-03T07:27:45.878Z"}
{"user":"Darshit","property_clicked":"583737ae83cd51786c7539d6","property_type":"Entire home/apt","property_lat":"34.013132","property_long":"-118.112607","level":"info","message":"Property Details request","timestamp":"2016-12-03T07:27:46.207Z"}
{"user":"Darshit","url_clicked":"/loadPaymentPage","level":"info","message":"Payment Page request","timestamp":"2016-12-03T07:38:46.972Z"}
{"user":"Darshit","property_clicked":"583737ae83cd51786c7539d6","property_type":"Entire home/apt","property_lat":"34.013132","property_long":"-118.112607","level":"info","message":"Property Details request","timestamp":"2016-12-03T07:38:47.232Z"}
{"user":"Darshit","url_clicked":"/loadPaymentPage","level":"info","message":"Payment Page request","timestamp":"2016-12-03T07:39:05.600Z"}
{"user":"Darshit","property_clicked":"583737ae83cd51786c7539d6","property_type":"Entire home/apt","property_lat":"34.013132","property_long":"-118.112607","level":"info","message":"Property Details request","timestamp":"2016-12-03T07:39:06.015Z"}
{"user":"Darshit","url_clicked":"/confirmBooking","level":"info","message":"Property Book request","timestamp":"2016-12-03T07:39:37.684Z"}
{"user":"Darshit","url_clicked":"/loadPaymentPage","level":"info","message":"Payment Page request","timestamp":"2016-12-03T07:40:04.068Z"}
{"user":"Darshit","property_clicked":"583737ae83cd51786c7539d6","property_type":"Entire home/apt","property_lat":"34.013132","property_long":"-118.112607","level":"info","message":"Property Details request","timestamp":"2016-12-03T07:40:04.300Z"}
{"user":"Darshit","url_clicked":"/loadPaymentPage","level":"info","message":"Payment Page request","timestamp":"2016-12-03T07:42:13.717Z"}
{"user":"Darshit","property_clicked":"583737ae83cd51786c7539d6","property_type":"Entire home/apt","property_lat":"34.013132","property_long":"-118.112607","level":"info","message":"Property Details request","timestamp":"2016-12-03T07:42:13.976Z"}
{"url_clicked":"/signin","level":"info","message":"Authentication request","timestamp":"2016-12-04T01:11:24.856Z"}
{"url_clicked":"/signin","level":"info","message":"Authentication request","timestamp":"2016-12-04T01:12:07.690Z"}
{"user":"dthesiya@gmail.com","url_clicked":"/signin","level":"info","message":"Authentication request","timestamp":"2016-12-04T01:12:25.136Z"}
{"user":"dthesiya@gmail.com","url_clicked":"/signin","level":"info","message":"Authentication request","timestamp":"2016-12-04T01:12:25.141Z"}
{"user":"dthesiya@gmail.com","url_clicked":"/signin","level":"info","message":"Authentication request","timestamp":"2016-12-04T01:12:30.182Z"}
{"user":"dthesiya@gmail.com","url_clicked":"/signin","level":"info","message":"Authentication request","timestamp":"2016-12-04T01:14:23.576Z"}
{"user":"dthesiya@gmail.com","url_clicked":"/signin","level":"info","message":"Authentication request","timestamp":"2016-12-04T01:15:02.446Z"}
{"user":"dthesiya@gmail.com","url_clicked":"/signin","level":"info","message":"Authentication request","timestamp":"2016-12-04T01:15:08.747Z"}
{"user":"Darshit","url_clicked":"/signout","level":"info","message":"Signout request","timestamp":"2016-12-04T01:16:04.438Z"}
{"user":"dthesiya@gmail.com","url_clicked":"/signin","level":"info","message":"Authentication request","timestamp":"2016-12-04T02:25:26.753Z"}
{"user":"Darshit","url_clicked":"/getDashBoardPage","level":"info","message":"Dashboard Page request","timestamp":"2016-12-04T02:25:30.661Z"}
{"user":"Darshit","url_clicked":"/getDashBoardPage","level":"info","message":"Dashboard Page request","timestamp":"2016-12-04T02:25:48.441Z"}
{"user":"Darshit","url_clicked":"/getDashBoardPage","level":"info","message":"Dashboard Page request","timestamp":"2016-12-04T02:26:34.245Z"}
{"user":"Darshit","url_clicked":"/getDashBoardPage","level":"info","message":"Dashboard Page request","timestamp":"2016-12-04T02:31:49.455Z"}
{"user":"Darshit","url_clicked":"/getDashBoardPage","level":"info","message":"Dashboard Page request","timestamp":"2016-12-04T02:32:33.144Z"}
{"user":"Darshit","url_clicked":"/getDashBoardPage","level":"info","message":"Dashboard Page request","timestamp":"2016-12-04T02:33:28.540Z"}
{"user":"Darshit","url_clicked":"/getDashBoardPage","level":"info","message":"Dashboard Page request","timestamp":"2016-12-04T02:34:00.202Z"}
{"user":"Darshit","url_clicked":"/getDashBoardPage","level":"info","message":"Dashboard Page request","timestamp":"2016-12-04T02:34:25.447Z"}
{"user":"Darshit","url_clicked":"/getDashBoardPage","level":"info","message":"Dashboard Page request","timestamp":"2016-12-04T03:18:32.287Z"}
{"user":"Darshit","url_clicked":"/editProfilePage","level":"info","message":"Edit Profile Page rendered","timestamp":"2016-12-04T03:18:34.284Z"}
{"user":"Darshit","url_clicked":"/editProfilePage","level":"info","message":"Edit Profile Page rendered","timestamp":"2016-12-04T03:19:21.235Z"}
{"user":"Darshit","url_clicked":"/editProfilePage","level":"info","message":"Edit Profile Page rendered","timestamp":"2016-12-04T03:22:49.963Z"}
{"user":"Darshit","url_clicked":"/editProfilePage","level":"info","message":"Edit Profile Page rendered","timestamp":"2016-12-04T03:23:13.509Z"}
{"user":"Darshit","url_clicked":"/editProfilePage","level":"info","message":"Edit Profile Page rendered","timestamp":"2016-12-04T03:23:15.166Z"}
{"user":"dthesiya@gmail.com","url_clicked":"/signin","level":"info","message":"Authentication request","timestamp":"2016-12-04T03:23:24.223Z"}
{"user":"dthesiya@gmail.com","url_clicked":"/signin","level":"info","message":"Authentication request","timestamp":"2016-12-04T03:24:07.785Z"}
{"user":"Darshit","url_clicked":"/editProfilePage","level":"info","message":"Edit Profile Page rendered","timestamp":"2016-12-04T03:24:13.224Z"}
{"user":"dthesiya@gmail.com","url_clicked":"/signin","level":"info","message":"Authentication request","timestamp":"2016-12-04T03:24:22.078Z"}
{"user":"dthesiya@gmail.com","url_clicked":"/signin","level":"info","message":"Authentication request","timestamp":"2016-12-04T03:24:49.994Z"}
